<?xml version="1.0" encoding="UTF-8"?>
<!-- Generated by org.testng.reporters.JUnitReportReporter -->
<testsuite skipped="0" hostname="nilson" name="ru.vallball.csvtobd01.CSVReaderTest" tests="2" failures="0" timestamp="2019-08-23T13:10:35 NOVT" time="0.370" errors="0">
  <testcase name="testRead" time="0.004" classname="ru.vallball.csvtobd01.CSVReaderTest"/>
  <testcase name="testForm" time="0.366" classname="ru.vallball.csvtobd01.CSVReaderTest"/>
</testsuite> <!-- ru.vallball.csvtobd01.CSVReaderTest -->
